Arguments: 
  C:\Program Files\nodejs\node.exe C:\Users\prath\AppData\Roaming\npm\node_modules\yarn\bin\yarn.js add @nivo/bar

PATH: 
  C:\Program Files (x86)\Common Files\Oracle\Java\javapath;C:\Windows\system32;C:\Windows;C:\Windows\System32\Wbem;C:\Windows\System32\WindowsPowerShell\v1.0\;C:\Windows\System32\OpenSSH\;C:\Program Files\NVIDIA Corporation\NVIDIA NvDLISR;C:\Program Files (x86)\NVIDIA Corporation\PhysX\Common;C:\Program Files\Git\cmd;C:\Program Files\nodejs\;C:\Users\prath\AppData\Local\Microsoft\WindowsApps;C:\Users\prath\AppData\Local\Programs\Microsoft VS Code\bin;C:\msys64\;C:\MinGW\bin;D:\dev;;C:\Users\prath\AppData\Local\Programs\Hyper\resources\bin;C:\Users\prath\AppData\Roaming\npm

Yarn version: 
  1.22.19

Node version: 
  20.10.0

Platform: 
  win32 x64

Trace: 
  Error: EPERM: operation not permitted, unlink 'D:\College\Final Year Project\stress-analysis\node_modules\@next\swc-win32-x64-msvc\next-swc.win32-x64-msvc.node'

npm manifest: 
  {
    "name": "stress-analysis",
    "version": "0.1.0",
    "private": true,
    "scripts": {
      "dev": "next dev",
      "build": "next build",
      "start": "next start",
      "lint": "next lint"
    },
    "dependencies": {
      "@iconify/react": "^4.1.1",
      "@radix-ui/react-icons": "^1.3.0",
      "class-variance-authority": "^0.7.0",
      "clsx": "^2.1.0",
      "framer-motion": "^11.0.24",
      "next": "14.1.4",
      "react": "^18",
      "react-dom": "^18",
      "react-icons": "^5.0.1",
      "react-pro-sidebar": "^1.1.0",
      "tailwind-merge": "^2.2.2",
      "tailwindcss-animate": "^1.0.7"
    },
    "devDependencies": {
      "autoprefixer": "^10.0.1",
      "postcss": "^8",
      "tailwindcss": "^3.3.0"
    }
  }

yarn manifest: 
  No manifest

Lockfile: 
  No lockfile
